<?xml version="1.0" encoding="UTF-8" ?>
<testsuites errors="0"
            failures="0"
            tests="0">

  <testsuite name="test-android"
    errors="0" failures="0" hostname="" id="" package="test-android" skipped="0"
    tests="0" time="0.000" timestamp="Thu, 24 Mar 2016 06:46:19 GMT">
  
  
  </testsuite>
</testsuites>
